<?xml version="1.0" encoding="UTF-8"?>
<!-- Generated by org.testng.reporters.JUnitXMLReporter -->
<testsuite hostname="IBM-Testing09" name="Test" tests="2" failures="0" timestamp="15 Jun 2018 07:06:39 GMT" time="0.055" errors="0">
  <testcase name="@BeforeTest beforeTest" time="0.0" classname="messageModule.Categories">
    <failure type="java.lang.NullPointerException">
      <![CDATA[java.lang.NullPointerException
	at messageModule.Categories.beforeTest(Categories.java:21)
... Removed 22 stack frames]]>
    </failure>
  </testcase> <!-- @BeforeTest beforeTest -->
  <testcase name="@BeforeTest beforeTest" time="0.0" classname="messageModule.Categories">
    <skipped/>
  </testcase> <!-- @BeforeTest beforeTest -->
  <testcase name="@AfterTest afterTest" time="0.0" classname="messageModule.Categories">
    <skipped/>
  </testcase> <!-- @AfterTest afterTest -->
  <testcase name="@AfterTest afterTest" time="0.0" classname="messageModule.Categories">
    <skipped/>
  </testcase> <!-- @AfterTest afterTest -->
  <testcase name="f" time="0.005" classname="messageModule.Categories">
    <skipped/>
  </testcase> <!-- f -->
  <testcase name="LoggedIn" time="0.0" classname="messageModule.MessgaeModule">
    <skipped/>
  </testcase> <!-- LoggedIn -->
</testsuite> <!-- Test -->
